{"message":"url must be valid","level":"error"}
{"message":"New bookmark with ceb274ad-b77f-43f8-a79f-59c2f713997f created","level":"info"}
{"message":"New bookmark with fb485200-31d4-48b1-8aec-bac76674d2be created","level":"info"}
{"message":"New bookmark with 8aedaba4-3676-403a-80c2-2fa9090d13b2 created","level":"info"}
{"message":"url must be valid","level":"error"}
{"message":"New bookmark with 441e15ea-03d9-4753-98e1-2006324ac835 created","level":"info"}
{"message":"Bookmark with id doesnt-exist not found.","level":"error"}
{"message":"Invalid delete request","level":"error"}
{"message":"Title is required","level":"error"}
{"message":"URL is required","level":"error"}
{"message":"Rating is required","level":"error"}
{"message":"rating must be a number","level":"error"}
{"message":"url must be valid","level":"error"}
{"message":"New bookmark with bdd0c9f0-edc2-4c44-ad3d-f6b251ffa5f8 created","level":"info"}
{"message":"Bookmark with id doesnt-exist not found.","level":"error"}
{"message":"Invalid delete request","level":"error"}
{"message":"Title is required","level":"error"}
{"message":"URL is required","level":"error"}
{"message":"Rating is required","level":"error"}
{"message":"rating must be a number","level":"error"}
{"message":"url must be valid","level":"error"}
{"message":"New bookmark with 1812c3ad-f83e-4f1b-a603-b6217f5d33bf created","level":"info"}
{"message":"Bookmark with id doesnt-exist not found.","level":"error"}
{"message":"Invalid delete request","level":"error"}
{"message":"Title is required","level":"error"}
{"message":"URL is required","level":"error"}
{"message":"Rating is required","level":"error"}
{"message":"rating must be a number","level":"error"}
{"message":"url must be valid","level":"error"}
{"message":"New bookmark with f6033c9d-1a59-4e85-a3b8-8a6272be5274 created","level":"info"}
{"message":"Bookmark with id doesnt-exist not found.","level":"error"}
{"message":"Invalid delete request","level":"error"}
{"message":"Title is required","level":"error"}
{"message":"URL is required","level":"error"}
{"message":"Rating is required","level":"error"}
{"message":"rating must be a number","level":"error"}
{"message":"url must be valid","level":"error"}
{"message":"New bookmark with d35d5c9b-535e-4b69-9cba-700bf8f1f25e created","level":"info"}
{"message":"Bookmark with id doesnt-exist not found.","level":"error"}
{"message":"Invalid delete request","level":"error"}
{"message":"Title is required","level":"error"}
{"message":"URL is required","level":"error"}
{"message":"Rating is required","level":"error"}
{"message":"rating must be a number","level":"error"}
{"message":"url must be valid","level":"error"}
{"message":"New bookmark with 9207fb5f-4026-417e-954b-44cab1f7146a created","level":"info"}
{"message":"Bookmark with id doesnt-exist not found.","level":"error"}
{"message":"Invalid delete request","level":"error"}
{"message":"Title is required","level":"error"}
{"message":"URL is required","level":"error"}
{"message":"Rating is required","level":"error"}
{"message":"rating must be a number","level":"error"}
{"message":"url must be valid","level":"error"}
{"message":"New bookmark with 547e580f-c7a3-42a5-b313-a052c5a99dad created","level":"info"}
{"message":"Bookmark with id doesnt-exist not found.","level":"error"}
{"message":"Invalid delete request","level":"error"}
{"message":"Title is required","level":"error"}
{"message":"URL is required","level":"error"}
{"message":"Rating is required","level":"error"}
{"message":"rating must be a number","level":"error"}
{"message":"url must be valid","level":"error"}
{"message":"New bookmark with 4ca918fd-6a20-459c-9049-11c27884bc87 created","level":"info"}
{"message":"Bookmark with id doesnt-exist not found.","level":"error"}
{"message":"Invalid delete request","level":"error"}
{"message":"Title is required","level":"error"}
{"message":"URL is required","level":"error"}
{"message":"Rating is required","level":"error"}
{"message":"rating must be a number","level":"error"}
{"message":"url must be valid","level":"error"}
{"message":"New bookmark with 5a5eefa9-d9b6-44a6-ae08-85bb0e779902 created","level":"info"}
{"message":"Bookmark with id doesnt-exist not found.","level":"error"}
{"message":"Invalid delete request","level":"error"}
{"message":"Title is required","level":"error"}
{"message":"URL is required","level":"error"}
{"message":"Rating is required","level":"error"}
{"message":"rating must be a number","level":"error"}
{"message":"url must be valid","level":"error"}
{"message":"New bookmark with 8f1b36c2-1ca1-4c09-9e1f-f7091200fc7e created","level":"info"}
{"message":"Bookmark with id doesnt-exist not found.","level":"error"}
{"message":"Invalid delete request","level":"error"}
{"message":"Title is required","level":"error"}
{"message":"URL is required","level":"error"}
{"message":"Rating is required","level":"error"}
{"message":"rating must be a number","level":"error"}
{"message":"url must be valid","level":"error"}
{"message":"New bookmark with a46d3bc1-fba9-4f14-aff3-2dae99082f73 created","level":"info"}
{"message":"Bookmark with id doesnt-exist not found.","level":"error"}
{"message":"Invalid delete request","level":"error"}
{"message":"Title is required","level":"error"}
{"message":"URL is required","level":"error"}
{"message":"Rating is required","level":"error"}
{"message":"rating must be a number","level":"error"}
{"message":"url must be valid","level":"error"}
{"message":"New bookmark with c3108ad9-30b9-4e31-98ca-a546eb2837ca created","level":"info"}
{"message":"Bookmark with id doesnt-exist not found.","level":"error"}
{"message":"Invalid delete request","level":"error"}
{"message":"Title is required","level":"error"}
{"message":"URL is required","level":"error"}
{"message":"Rating is required","level":"error"}
{"message":"rating must be a number","level":"error"}
{"message":"url must be valid","level":"error"}
{"message":"New bookmark with 70d830c1-c0f5-485c-878e-9e3e3a2c7d81 created","level":"info"}
{"message":"Bookmark with id doesnt-exist not found.","level":"error"}
{"message":"Invalid delete request","level":"error"}
{"message":"Title is required","level":"error"}
{"message":"URL is required","level":"error"}
{"message":"Rating is required","level":"error"}
{"message":"rating must be a number","level":"error"}
{"message":"url must be valid","level":"error"}
{"message":"New bookmark with 84e02760-072f-48cc-8727-80f1550bba6f created","level":"info"}
{"message":"Bookmark with id doesnt-exist not found.","level":"error"}
{"message":"Invalid delete request","level":"error"}
{"message":"Title is required","level":"error"}
{"message":"URL is required","level":"error"}
{"message":"Rating is required","level":"error"}
{"message":"rating must be a number","level":"error"}
{"message":"url must be valid","level":"error"}
{"message":"New bookmark with 61a7057f-92f2-46e3-aad1-c739a9c940b2 created","level":"info"}
{"message":"Bookmark with id doesnt-exist not found.","level":"error"}
{"message":"Invalid delete request","level":"error"}
{"message":"Title is required","level":"error"}
{"message":"URL is required","level":"error"}
{"message":"Rating is required","level":"error"}
{"message":"rating must be a number","level":"error"}
{"message":"url must be valid","level":"error"}
{"message":"New bookmark with 97cbf494-0e37-404a-9b19-f0bafdf26bdd created","level":"info"}
{"message":"Bookmark with id doesnt-exist not found.","level":"error"}
{"message":"Invalid delete request","level":"error"}
{"message":"Title is required","level":"error"}
{"message":"URL is required","level":"error"}
{"message":"Rating is required","level":"error"}
{"message":"rating must be a number","level":"error"}
{"message":"url must be valid","level":"error"}
{"message":"New bookmark with 37fa808b-dc80-4916-800f-292aba0a2beb created","level":"info"}
{"message":"url must be valid","level":"error"}
{"message":"New bookmark with b4b897ec-18d5-4a44-bf22-c6bb7c30a6f1 created","level":"info"}
{"message":"Bookmark with id doesnt-exist not found.","level":"error"}
{"message":"Invalid delete request","level":"error"}
{"message":"Title is required","level":"error"}
{"message":"URL is required","level":"error"}
{"message":"Rating is required","level":"error"}
{"message":"rating must be a number","level":"error"}
{"message":"url must be valid","level":"error"}
{"message":"New bookmark with 7f44f520-0151-4c37-a8d1-273312d84d90 created","level":"info"}
{"message":"Bookmark with id doesnt-exist not found.","level":"error"}
{"message":"Invalid delete request","level":"error"}
{"message":"Title is required","level":"error"}
{"message":"URL is required","level":"error"}
{"message":"Rating is required","level":"error"}
{"message":"rating must be a number","level":"error"}
{"message":"url must be valid","level":"error"}
{"message":"New bookmark with fb0fe676-3deb-4c8e-9c4b-e6f1cafa48ff created","level":"info"}
